# JRE version: OpenJDK Runtime Environment (8.0_162-b12) (build 1.8.0_162-8u162-b12-0ubuntu0.16.04.2-b12)
# Java VM: OpenJDK 64-Bit Server VM (25.162-b12 mixed mode linux-amd64 compressed oops)
Heap:
 garbage-first heap   total 528384K, used 441514K [0x00000000c0000000, 0x00000000c0101020, 0x0000000100000000)
  region size 1024K, 265 young (271360K), 22 survivors (22528K)
 Metaspace       used 204540K, capacity 222644K, committed 222860K, reserved 1243136K
  class space    used 23641K, capacity 28948K, committed 29036K, reserved 1048576K
GC Heap History (10 events):
Event: 14142,097 GC heap before
{Heap before GC invocations=256 (full 14):
 garbage-first heap   total 528384K, used 233765K [0x00000000c0000000, 0x00000000c0101020, 0x0000000100000000)
  region size 1024K, 25 young (25600K), 14 survivors (14336K)
 Metaspace       used 201702K, capacity 219814K, committed 220044K, reserved 1241088K
  class space    used 23329K, capacity 28703K, committed 28780K, reserved 1048576K
Event: 14142,136 GC heap after
Heap after GC invocations=257 (full 14):
 garbage-first heap   total 528384K, used 174762K [0x00000000c0000000, 0x00000000c0101020, 0x0000000100000000)
  region size 1024K, 3 young (3072K), 3 survivors (3072K)
 Metaspace       used 201702K, capacity 219814K, committed 220044K, reserved 1241088K
  class space    used 23329K, capacity 28703K, committed 28780K, reserved 1048576K
}
Event: 14176,587 GC heap before
{Heap before GC invocations=257 (full 14):
 garbage-first heap   total 528384K, used 461482K [0x00000000c0000000, 0x00000000c0101020, 0x0000000100000000)
  region size 1024K, 283 young (289792K), 3 survivors (3072K)
 Metaspace       used 201757K, capacity 219814K, committed 220044K, reserved 1241088K
  class space    used 23329K, capacity 28703K, committed 28780K, reserved 1048576K
Event: 14176,612 GC heap after
Heap after GC invocations=258 (full 14):
 garbage-first heap   total 528384K, used 175274K [0x00000000c0000000, 0x00000000c0101020, 0x0000000100000000)
  region size 1024K, 4 young (4096K), 4 survivors (4096K)
 Metaspace       used 201757K, capacity 219814K, committed 220044K, reserved 1241088K
  class space    used 23329K, capacity 28703K, committed 28780K, reserved 1048576K
}
Event: 14228,099 GC heap before
{Heap before GC invocations=258 (full 14):
 garbage-first heap   total 528384K, used 461994K [0x00000000c0000000, 0x00000000c0101020, 0x0000000100000000)
  region size 1024K, 284 young (290816K), 4 survivors (4096K)
 Metaspace       used 201921K, capacity 219908K, committed 220300K, reserved 1241088K
  class space    used 23333K, capacity 28708K, committed 28780K, reserved 1048576K
Event: 14228,116 GC heap after
Heap after GC invocations=259 (full 14):
 garbage-first heap   total 528384K, used 177834K [0x00000000c0000000, 0x00000000c0101020, 0x0000000100000000)
  region size 1024K, 6 young (6144K), 6 survivors (6144K)
 Metaspace       used 201921K, capacity 219908K, committed 220300K, reserved 1241088K
  class space    used 23333K, capacity 28708K, committed 28780K, reserved 1048576K
}
Event: 14284,804 GC heap before
{Heap before GC invocations=259 (full 14):
 garbage-first heap   total 528384K, used 461482K [0x00000000c0000000, 0x00000000c0101020, 0x0000000100000000)
  region size 1024K, 283 young (289792K), 6 survivors (6144K)
 Metaspace       used 201979K, capacity 220036K, committed 220300K, reserved 1241088K
  class space    used 23333K, capacity 28708K, committed 28780K, reserved 1048576K
Event: 14284,821 GC heap after
Heap after GC invocations=260 (full 14):
 garbage-first heap   total 528384K, used 177834K [0x00000000c0000000, 0x00000000c0101020, 0x0000000100000000)
  region size 1024K, 6 young (6144K), 6 survivors (6144K)
 Metaspace       used 201979K, capacity 220036K, committed 220300K, reserved 1241088K
  class space    used 23333K, capacity 28708K, committed 28780K, reserved 1048576K
}
Event: 15233,198 GC heap before
{Heap before GC invocations=260 (full 14):
 garbage-first heap   total 528384K, used 461482K [0x00000000c0000000, 0x00000000c0101020, 0x0000000100000000)
  region size 1024K, 283 young (289792K), 6 survivors (6144K)
 Metaspace       used 203113K, capacity 221090K, committed 221196K, reserved 1241088K
  class space    used 23471K, capacity 28816K, committed 28908K, reserved 1048576K
Event: 15233,317 GC heap after
Heap after GC invocations=261 (full 14):
 garbage-first heap   total 528384K, used 193706K [0x00000000c0000000, 0x00000000c0101020, 0x0000000100000000)
  region size 1024K, 22 young (22528K), 22 survivors (22528K)
 Metaspace       used 203113K, capacity 221090K, committed 221196K, reserved 1241088K
  class space    used 23471K, capacity 28816K, committed 28908K, reserved 1048576K
}

